<?xml version="1.0" encoding="UTF-8"?>
<!-- Generated by org.testng.reporters.JUnitReportReporter -->
<testsuite skipped="0" hostname="BDC6-DX-6FF9NK2" name="com.test.webdriver1" tests="1" failures="0" timestamp="19 Sep 2019 04:30:31 GMT" time="26.112" errors="0">
  <testcase name="f" time="26.112" classname="com.test.webdriver1"/>
</testsuite> <!-- com.test.webdriver1 -->
